<?xml version="1.0" encoding="UTF-8"?>
<testng-results skipped="0" failed="1" total="1" passed="0">
  <reporter-output>
  </reporter-output>
  <suite name="Default suite" duration-ms="51422" started-at="2018-04-18T01:40:40Z" finished-at="2018-04-18T01:41:31Z">
    <groups>
    </groups>
    <test name="Default test" duration-ms="51422" started-at="2018-04-18T01:40:40Z" finished-at="2018-04-18T01:41:31Z">
      <class name="org.gradle.Signup">
        <test-method status="PASS" signature="setUp()[pri:0, instance:org.gradle.Signup@4cc0edeb]" name="setUp" is-config="true" duration-ms="27039" started-at="2018-04-18T10:40:40Z" finished-at="2018-04-18T10:41:07Z">
          <reporter-output>
          </reporter-output>
        </test-method> <!-- setUp -->
        <test-method status="FAIL" signature="signup1()[pri:0, instance:org.gradle.Signup@4cc0edeb]" name="signup1" duration-ms="20704" started-at="2018-04-18T10:41:07Z" finished-at="2018-04-18T10:41:27Z">
          <exception class="org.openqa.selenium.NoSuchElementException">
            <message>
              <![CDATA[An element could not be located on the page using the given search parameters. (WARNING: The server did not provide any stacktrace information)
Command duration or timeout: 15.11 seconds
For documentation on this error, please visit: http://seleniumhq.org/exceptions/no_such_element.html
Build info: version: '2.53.1', revision: 'a36b8b1cd5757287168e54b817830adce9b0158d', time: '2016-06-30 19:26:09'
System info: host: '2015080004-GQH9', ip: '10.102.41.171', os.name: 'Windows 7', os.arch: 'amd64', os.version: '6.1', java.version: '1.8.0_73'
Driver info: io.appium.java_client.android.AndroidDriver
Capabilities [{appPackage=com.wemakeprice, app=C:\Lee\apk\4.31.0\wemakeprice-4.31.0_pre_3rd.apk, networkConnectionEnabled=true, noReset=false, warnings={}, databaseEnabled=false, version=null, deviceName=4100552cc87e917b, platform=ANY, appActivity=com.wemakeprice.intro.Act_Intro, desired={appPackage=com.wemakeprice, appActivity=com.wemakeprice.intro.Act_Intro, app=C:\Lee\apk\4.31.0\wemakeprice-4.31.0_pre_3rd.apk, noReset=false, browserName=appWaitActivity, platformName=Android, version=null, deviceName=Samsung Galaxy Note5, platform=null}, platformVersion=6.0.1, webStorageEnabled=false, locationContextEnabled=false, browserName=appWaitActivity, takesScreenshot=true, javascriptEnabled=true, platformName=Android}]
Session ID: 17aeb799-6668-4ac0-b5ad-c86816db2ada
*** Element info: {Using=-android uiautomator, value=new UiSelector().text("개인 구매회원")}]]>
            </message>
            <full-stacktrace>
              <![CDATA[org.openqa.selenium.NoSuchElementException: An element could not be located on the page using the given search parameters. (WARNING: The server did not provide any stacktrace information)
Command duration or timeout: 15.11 seconds
For documentation on this error, please visit: http://seleniumhq.org/exceptions/no_such_element.html
Build info: version: '2.53.1', revision: 'a36b8b1cd5757287168e54b817830adce9b0158d', time: '2016-06-30 19:26:09'
System info: host: '2015080004-GQH9', ip: '10.102.41.171', os.name: 'Windows 7', os.arch: 'amd64', os.version: '6.1', java.version: '1.8.0_73'
Driver info: io.appium.java_client.android.AndroidDriver
Capabilities [{appPackage=com.wemakeprice, app=C:\Lee\apk\4.31.0\wemakeprice-4.31.0_pre_3rd.apk, networkConnectionEnabled=true, noReset=false, warnings={}, databaseEnabled=false, version=null, deviceName=4100552cc87e917b, platform=ANY, appActivity=com.wemakeprice.intro.Act_Intro, desired={appPackage=com.wemakeprice, appActivity=com.wemakeprice.intro.Act_Intro, app=C:\Lee\apk\4.31.0\wemakeprice-4.31.0_pre_3rd.apk, noReset=false, browserName=appWaitActivity, platformName=Android, version=null, deviceName=Samsung Galaxy Note5, platform=null}, platformVersion=6.0.1, webStorageEnabled=false, locationContextEnabled=false, browserName=appWaitActivity, takesScreenshot=true, javascriptEnabled=true, platformName=Android}]
Session ID: 17aeb799-6668-4ac0-b5ad-c86816db2ada
*** Element info: {Using=-android uiautomator, value=new UiSelector().text("개인 구매회원")}
	at sun.reflect.NativeConstructorAccessorImpl.newInstance0(Native Method)
	at sun.reflect.NativeConstructorAccessorImpl.newInstance(NativeConstructorAccessorImpl.java:62)
	at sun.reflect.DelegatingConstructorAccessorImpl.newInstance(DelegatingConstructorAccessorImpl.java:45)
	at java.lang.reflect.Constructor.newInstance(Constructor.java:422)
	at org.openqa.selenium.remote.ErrorHandler.createThrowable(ErrorHandler.java:206)
	at org.openqa.selenium.remote.ErrorHandler.throwIfResponseFailed(ErrorHandler.java:158)
	at org.openqa.selenium.remote.RemoteWebDriver.execute(RemoteWebDriver.java:678)
	at io.appium.java_client.DefaultGenericMobileDriver.execute(DefaultGenericMobileDriver.java:42)
	at io.appium.java_client.AppiumDriver.execute(AppiumDriver.java:1)
	at io.appium.java_client.android.AndroidDriver.execute(AndroidDriver.java:1)
	at org.openqa.selenium.remote.RemoteWebDriver.findElement(RemoteWebDriver.java:363)
	at io.appium.java_client.android.AndroidDriver.findElementByAndroidUIAutomator(AndroidDriver.java:394)
	at org.gradle.Setup.clickid(Setup.java:69)
	at org.gradle.Signup.signup1(Signup.java:17)
	at sun.reflect.NativeMethodAccessorImpl.invoke0(Native Method)
	at sun.reflect.NativeMethodAccessorImpl.invoke(NativeMethodAccessorImpl.java:62)
	at sun.reflect.DelegatingMethodAccessorImpl.invoke(DelegatingMethodAccessorImpl.java:43)
	at java.lang.reflect.Method.invoke(Method.java:497)
	at org.testng.internal.MethodInvocationHelper.invokeMethod(MethodInvocationHelper.java:84)
	at org.testng.internal.Invoker.invokeMethod(Invoker.java:714)
	at org.testng.internal.Invoker.invokeTestMethod(Invoker.java:901)
	at org.testng.internal.Invoker.invokeTestMethods(Invoker.java:1231)
	at org.testng.internal.TestMethodWorker.invokeTestMethods(TestMethodWorker.java:127)
	at org.testng.internal.TestMethodWorker.run(TestMethodWorker.java:111)
	at org.testng.TestRunner.privateRun(TestRunner.java:767)
	at org.testng.TestRunner.run(TestRunner.java:617)
	at org.testng.SuiteRunner.runTest(SuiteRunner.java:348)
	at org.testng.SuiteRunner.runSequentially(SuiteRunner.java:343)
	at org.testng.SuiteRunner.privateRun(SuiteRunner.java:305)
	at org.testng.SuiteRunner.run(SuiteRunner.java:254)
	at org.testng.SuiteRunnerWorker.runSuite(SuiteRunnerWorker.java:52)
	at org.testng.SuiteRunnerWorker.run(SuiteRunnerWorker.java:86)
	at org.testng.TestNG.runSuitesSequentially(TestNG.java:1224)
	at org.testng.TestNG.runSuitesLocally(TestNG.java:1149)
	at org.testng.TestNG.run(TestNG.java:1057)
	at org.testng.remote.AbstractRemoteTestNG.run(AbstractRemoteTestNG.java:132)
	at org.testng.remote.RemoteTestNG.initAndRun(RemoteTestNG.java:236)
	at org.testng.remote.RemoteTestNG.main(RemoteTestNG.java:81)
]]>
            </full-stacktrace>
          </exception> <!-- org.openqa.selenium.NoSuchElementException -->
          <reporter-output>
          </reporter-output>
        </test-method> <!-- signup1 -->
        <test-method status="PASS" signature="tearDown(org.testng.ITestResult)[pri:0, instance:org.gradle.Signup@4cc0edeb]" name="tearDown" is-config="true" duration-ms="3650" started-at="2018-04-18T10:41:27Z" finished-at="2018-04-18T10:41:31Z">
          <params>
            <param index="0">
              <value>
                <![CDATA[[TestResult name=signup1 status=FAILURE method=Signup.signup1()[pri:0, instance:org.gradle.Signup@4cc0edeb] output={null}]]]>
              </value>
            </param>
          </params>
          <reporter-output>
          </reporter-output>
        </test-method> <!-- tearDown -->
      </class> <!-- org.gradle.Signup -->
    </test> <!-- Default test -->
  </suite> <!-- Default suite -->
</testng-results>
